2024-11-19 11:03:46,413 - INFO - Logging is configured.
2024-11-19 11:03:46,428 - INFO - Copied file 'data/Employee.csv' to folder 'landing_data/'
2024-11-19 11:03:46,428 - INFO - File Employee.csv copied to folder in Landing zone.
2024-11-19 11:03:46,451 - INFO - Copied file 'data/online_sales_dataset.csv' to folder 'landing_data/'
2024-11-19 11:03:46,452 - INFO - File online_sales_dataset.csv copied to folder in Landing zone.
2024-11-19 11:03:46,454 - INFO - Copied file 'data/sample.txt' to folder 'landing_data/'
2024-11-19 11:03:46,454 - INFO - File sample.txt copied to folder in Landing zone.
2024-11-19 11:03:46,682 - INFO - Database connection established
2024-11-19 11:03:46,682 - INFO - Processing file: landing_data/Employee.csv, Table: Employee
2024-11-19 11:03:46,983 - INFO - No new rows to add for table 'Employee'
2024-11-19 11:03:46,998 - INFO - File Employee.csv loaded into database table 'Employee' in Raw zone.
2024-11-19 11:03:47,000 - INFO - Processing file: landing_data/info.txt, Table: info
2024-11-19 11:03:47,035 - INFO - Data loaded into new table 'info'
2024-11-19 11:03:47,036 - INFO - File info.txt loaded into database table 'info' in Raw zone.
2024-11-19 11:03:47,037 - INFO - Processing file: landing_data/online_sales_dataset.csv, Table: online_sales_dataset
2024-11-19 11:03:47,855 - INFO - No new rows to add for table 'online_sales_dataset'
2024-11-19 11:03:47,889 - INFO - File online_sales_dataset.csv loaded into database table 'online_sales_dataset' in Raw zone.
2024-11-19 11:03:47,890 - INFO - Processing file: landing_data/sample.txt, Table: sample
2024-11-19 11:04:26,179 - INFO - Logging is configured.
2024-11-19 11:04:26,195 - INFO - Copied file 'data/Employee.csv' to folder 'landing_data/'
2024-11-19 11:04:26,195 - INFO - File Employee.csv copied to folder in Landing zone.
2024-11-19 11:04:26,216 - INFO - Copied file 'data/online_sales_dataset.csv' to folder 'landing_data/'
2024-11-19 11:04:26,217 - INFO - File online_sales_dataset.csv copied to folder in Landing zone.
2024-11-19 11:04:26,264 - INFO - Database connection established
2024-11-19 11:04:26,264 - INFO - Processing file: landing_data/Employee.csv, Table: Employee
2024-11-19 11:04:26,495 - INFO - No new rows to add for table 'Employee'
2024-11-19 11:04:26,495 - INFO - File Employee.csv loaded into database table 'Employee' in Raw zone.
2024-11-19 11:04:26,495 - INFO - Processing file: landing_data/info.txt, Table: info
2024-11-19 11:04:26,518 - INFO - No new rows to add for table 'info'
2024-11-19 11:04:26,518 - INFO - File info.txt loaded into database table 'info' in Raw zone.
2024-11-19 11:04:26,518 - INFO - Processing file: landing_data/online_sales_dataset.csv, Table: online_sales_dataset
2024-11-19 11:04:27,310 - INFO - No new rows to add for table 'online_sales_dataset'
2024-11-19 11:04:27,337 - INFO - File online_sales_dataset.csv loaded into database table 'online_sales_dataset' in Raw zone.
2024-11-19 11:04:27,337 - INFO - Processing file: landing_data/sample.txt, Table: sample
2024-11-19 11:05:05,204 - INFO - Logging is configured.
2024-11-19 11:05:05,222 - INFO - Copied file 'data/Employee.csv' to folder 'landing_data/'
2024-11-19 11:05:05,222 - INFO - File Employee.csv copied to folder in Landing zone.
2024-11-19 11:05:05,242 - INFO - Copied file 'data/online_sales_dataset.csv' to folder 'landing_data/'
2024-11-19 11:05:05,244 - INFO - File online_sales_dataset.csv copied to folder in Landing zone.
2024-11-19 11:05:05,291 - INFO - Database connection established
2024-11-19 11:05:05,291 - INFO - Processing file: landing_data/Employee.csv, Table: Employee
2024-11-19 11:05:05,521 - INFO - No new rows to add for table 'Employee'
2024-11-19 11:05:05,521 - INFO - File Employee.csv loaded into database table 'Employee' in Raw zone.
2024-11-19 11:05:05,521 - INFO - Processing file: landing_data/info.txt, Table: info
2024-11-19 11:05:05,556 - INFO - No new rows to add for table 'info'
2024-11-19 11:05:05,556 - INFO - File info.txt loaded into database table 'info' in Raw zone.
2024-11-19 11:05:05,557 - INFO - Processing file: landing_data/online_sales_dataset.csv, Table: online_sales_dataset
2024-11-19 11:05:06,441 - INFO - No new rows to add for table 'online_sales_dataset'
2024-11-19 11:05:06,477 - INFO - File online_sales_dataset.csv loaded into database table 'online_sales_dataset' in Raw zone.
2024-11-19 11:05:06,477 - INFO - Processing file: landing_data/sample.txt, Table: sample
2024-11-19 11:06:03,582 - INFO - Logging is configured.
2024-11-19 11:06:03,582 - INFO - Copied file 'data/Employee.csv' to folder 'landing_data/'
2024-11-19 11:06:03,582 - INFO - File Employee.csv copied to folder in Landing zone.
2024-11-19 11:06:03,604 - INFO - Copied file 'data/online_sales_dataset.csv' to folder 'landing_data/'
2024-11-19 11:06:03,604 - INFO - File online_sales_dataset.csv copied to folder in Landing zone.
2024-11-19 11:06:03,648 - INFO - Database connection established
2024-11-19 11:06:03,648 - INFO - Processing file: landing_data/Employee.csv, Table: Employee
2024-11-19 11:06:03,883 - INFO - No new rows to add for table 'Employee'
2024-11-19 11:06:03,883 - INFO - File Employee.csv loaded into database table 'Employee' in Raw zone.
2024-11-19 11:06:03,883 - INFO - Processing file: landing_data/info.txt, Table: info
2024-11-19 11:06:03,912 - INFO - No new rows to add for table 'info'
2024-11-19 11:06:03,913 - INFO - File info.txt loaded into database table 'info' in Raw zone.
2024-11-19 11:06:03,913 - INFO - Processing file: landing_data/online_sales_dataset.csv, Table: online_sales_dataset
2024-11-19 11:06:04,704 - INFO - No new rows to add for table 'online_sales_dataset'
2024-11-19 11:06:04,734 - INFO - File online_sales_dataset.csv loaded into database table 'online_sales_dataset' in Raw zone.
2024-11-19 11:06:04,734 - INFO - Processing file: landing_data/sample.txt, Table: sample
2024-11-19 11:08:52,207 - INFO - Logging is configured.
2024-11-19 11:08:52,207 - INFO - Copied file 'data/Employee.csv' to folder 'landing_data/'
2024-11-19 11:08:52,207 - INFO - File Employee.csv copied to folder in Landing zone.
2024-11-19 11:08:52,243 - INFO - Copied file 'data/online_sales_dataset.csv' to folder 'landing_data/'
2024-11-19 11:08:52,243 - INFO - File online_sales_dataset.csv copied to folder in Landing zone.
2024-11-19 11:08:52,289 - INFO - Database connection established
2024-11-19 11:08:52,289 - INFO - Processing file: landing_data/Employee.csv, Table: Employee
2024-11-19 11:08:52,623 - INFO - No new rows to add for table 'Employee'
2024-11-19 11:08:52,623 - INFO - File Employee.csv loaded into database table 'Employee' in Raw zone.
2024-11-19 11:08:52,623 - INFO - Processing file: landing_data/info.txt, Table: info
2024-11-19 11:08:52,647 - INFO - No new rows to add for table 'info'
2024-11-19 11:08:52,648 - INFO - File info.txt loaded into database table 'info' in Raw zone.
2024-11-19 11:08:52,648 - INFO - Processing file: landing_data/online_sales_dataset.csv, Table: online_sales_dataset
2024-11-19 11:08:53,447 - INFO - No new rows to add for table 'online_sales_dataset'
2024-11-19 11:08:53,469 - INFO - File online_sales_dataset.csv loaded into database table 'online_sales_dataset' in Raw zone.
2024-11-19 11:08:53,469 - INFO - Processing file: landing_data/sample.txt, Table: sample
2024-11-19 11:11:59,120 - INFO - Logging is configured.
2024-11-19 11:11:59,137 - INFO - Copied file 'data/Employee.csv' to folder 'landing_data/'
2024-11-19 11:11:59,137 - INFO - File Employee.csv copied to folder in Landing zone.
2024-11-19 11:11:59,154 - INFO - Copied file 'data/online_sales_dataset.csv' to folder 'landing_data/'
2024-11-19 11:11:59,154 - INFO - File online_sales_dataset.csv copied to folder in Landing zone.
2024-11-19 11:11:59,192 - INFO - Database connection established
2024-11-19 11:11:59,192 - INFO - Processing file: landing_data/Employee.csv, Table: Employee
2024-11-19 11:11:59,420 - INFO - No new rows to add for table 'Employee'
2024-11-19 11:11:59,420 - INFO - File Employee.csv loaded into database table 'Employee' in Raw zone.
2024-11-19 11:11:59,420 - INFO - Processing file: landing_data/info.txt, Table: info
2024-11-19 11:11:59,452 - INFO - No new rows to add for table 'info'
2024-11-19 11:11:59,453 - INFO - File info.txt loaded into database table 'info' in Raw zone.
2024-11-19 11:11:59,453 - INFO - Processing file: landing_data/online_sales_dataset.csv, Table: online_sales_dataset
2024-11-19 11:12:00,269 - INFO - No new rows to add for table 'online_sales_dataset'
2024-11-19 11:12:00,304 - INFO - File online_sales_dataset.csv loaded into database table 'online_sales_dataset' in Raw zone.
2024-11-19 11:12:00,305 - INFO - Processing file: landing_data/sample.txt, Table: sample
2024-11-19 11:21:23,031 - INFO - Logging is configured.
2024-11-19 11:21:23,046 - INFO - Copied file 'data/Employee.csv' to folder 'landing_data/'
2024-11-19 11:21:23,046 - INFO - File Employee.csv copied to folder in Landing zone.
2024-11-19 11:21:23,065 - INFO - Copied file 'data/online_sales_dataset.csv' to folder 'landing_data/'
2024-11-19 11:21:23,066 - INFO - File online_sales_dataset.csv copied to folder in Landing zone.
2024-11-19 11:21:23,115 - INFO - Database connection established
2024-11-19 11:21:23,115 - INFO - Processing file: landing_data/Employee.csv, Table: Employee
2024-11-19 11:21:23,346 - INFO - No new rows to add for table 'Employee'
2024-11-19 11:21:23,346 - INFO - File Employee.csv loaded into database table 'Employee' in Raw zone.
2024-11-19 11:21:23,346 - INFO - Processing file: landing_data/info.txt, Table: info
2024-11-19 11:21:23,380 - INFO - No new rows to add for table 'info'
2024-11-19 11:21:23,381 - INFO - File info.txt loaded into database table 'info' in Raw zone.
2024-11-19 11:21:23,381 - INFO - Processing file: landing_data/online_sales_dataset.csv, Table: online_sales_dataset
2024-11-19 11:21:24,193 - INFO - No new rows to add for table 'online_sales_dataset'
2024-11-19 11:21:24,220 - INFO - File online_sales_dataset.csv loaded into database table 'online_sales_dataset' in Raw zone.
2024-11-19 11:21:24,220 - INFO - Processing file: landing_data/sample.txt, Table: sample
2024-11-19 11:24:30,799 - INFO - Logging is configured.
2024-11-19 11:24:30,799 - INFO - Copied file 'data/Employee.csv' to folder 'landing_data/'
2024-11-19 11:24:30,799 - INFO - File Employee.csv copied to folder in Landing zone.
2024-11-19 11:24:30,821 - INFO - Copied file 'data/online_sales_dataset.csv' to folder 'landing_data/'
2024-11-19 11:24:30,821 - INFO - File online_sales_dataset.csv copied to folder in Landing zone.
2024-11-19 11:24:30,870 - INFO - Database connection established
2024-11-19 11:24:30,870 - INFO - Processing file: landing_data/Employee.csv, Table: Employee
2024-11-19 11:24:31,196 - INFO - No new rows to add for table 'Employee'
2024-11-19 11:24:31,196 - INFO - File Employee.csv loaded into database table 'Employee' in Raw zone.
2024-11-19 11:24:31,196 - INFO - Processing file: landing_data/info.txt, Table: info
2024-11-19 11:24:31,243 - INFO - No new rows to add for table 'info'
2024-11-19 11:24:31,244 - INFO - File info.txt loaded into database table 'info' in Raw zone.
2024-11-19 11:24:31,244 - INFO - Processing file: landing_data/online_sales_dataset.csv, Table: online_sales_dataset
2024-11-19 11:24:32,019 - INFO - No new rows to add for table 'online_sales_dataset'
2024-11-19 11:24:32,056 - INFO - File online_sales_dataset.csv loaded into database table 'online_sales_dataset' in Raw zone.
2024-11-19 11:24:32,057 - INFO - Database connection established
2024-11-19 11:24:32,057 - INFO - Database connection established
2024-11-19 11:24:32,057 - INFO - Database connection established
2024-11-19 11:24:32,167 - INFO - Processing table 'Employee'...
2024-11-19 11:24:32,220 - INFO - Read 4653 rows from table 'Employee'.
2024-11-19 11:24:32,234 - INFO - Duplicates removed.
2024-11-19 11:24:32,241 - INFO - Numeric columns normalized.
2024-11-19 11:24:32,521 - INFO - Transferred table 'Employee' with 2764 rows to destination database.
2024-11-19 11:24:32,521 - INFO - Processing table 'online_sales_dataset'...
2024-11-19 11:24:32,984 - INFO - Read 56752 rows from table 'online_sales_dataset'.
2024-11-19 11:24:33,099 - INFO - Duplicates removed.
2024-11-19 11:24:33,121 - INFO - Numeric columns normalized.
2024-11-19 11:24:36,129 - INFO - Transferred table 'online_sales_dataset' with 49782 rows to destination database.
2024-11-19 11:24:36,129 - INFO - Processing table 'info'...
2024-11-19 11:24:36,172 - INFO - Read 0 rows from table 'info'.
2024-11-19 11:24:36,173 - INFO - Duplicates removed.
2024-11-19 11:24:36,173 - INFO - Numeric columns normalized.
2024-11-19 11:24:36,191 - INFO - Transferred table 'info' with 0 rows to destination database.
2024-11-19 11:24:36,191 - INFO - Data copied from source DB to destination DB for table in Staging zone.
